\BOOKMARK [0][-]{chapter.1}{Wstep}{}% 1
\BOOKMARK [1][-]{section.1.1}{Zakres pracy}{chapter.1}% 2
\BOOKMARK [1][-]{section.1.2}{Zawartosc pracy}{chapter.1}% 3
\BOOKMARK [0][-]{chapter.2}{Muzyka klasyczna}{}% 4
\BOOKMARK [1][-]{section.2.1}{Epoki w muzyce klasycznej}{chapter.2}% 5
\BOOKMARK [2][-]{subsection.2.1.1}{Sredniowiecze}{section.2.1}% 6
\BOOKMARK [2][-]{subsection.2.1.2}{Renesans}{section.2.1}% 7
\BOOKMARK [2][-]{subsection.2.1.3}{Barok}{section.2.1}% 8
\BOOKMARK [2][-]{subsection.2.1.4}{Klasycyzm}{section.2.1}% 9
\BOOKMARK [2][-]{subsection.2.1.5}{Romantyzm}{section.2.1}% 10
\BOOKMARK [2][-]{subsection.2.1.6}{XX wiek}{section.2.1}% 11
\BOOKMARK [1][-]{section.2.2}{Zapis nutowy}{chapter.2}% 12
\BOOKMARK [2][-]{subsection.2.2.1}{Wysokosc dzwieku}{section.2.2}% 13
\BOOKMARK [2][-]{subsection.2.2.2}{Wartosci nut}{section.2.2}% 14
\BOOKMARK [0][-]{chapter.3}{Baza plik\363w muzycznych MusicXML}{}% 15
\BOOKMARK [1][-]{section.3.1}{Format MusicXML}{chapter.3}% 16
\BOOKMARK [2][-]{subsection.3.1.1}{Przyk\233ad pliku MusicXML}{section.3.1}% 17
\BOOKMARK [1][-]{section.3.2}{Epoki muzyczne w bazie plik\363w}{chapter.3}% 18
\BOOKMARK [0][-]{chapter.4}{Uczenie maszynowe}{}% 19
\BOOKMARK [1][-]{section.4.1}{Rodzaje uczenia maszynowego}{chapter.4}% 20
\BOOKMARK [2][-]{subsection.4.1.1}{Uczenie nadzorowane}{section.4.1}% 21
\BOOKMARK [2][-]{subsection.4.1.2}{Uczenie nienadzorowane}{section.4.1}% 22
\BOOKMARK [2][-]{subsection.4.1.3}{Uczenie przez wzmacnianie}{section.4.1}% 23
\BOOKMARK [1][-]{section.4.2}{Algorytmy klasyfikujace}{chapter.4}% 24
\BOOKMARK [2][-]{subsection.4.2.1}{Perceptron}{section.4.2}% 25
\BOOKMARK [2][-]{subsection.4.2.2}{Regresja logistyczna}{section.4.2}% 26
\BOOKMARK [2][-]{subsection.4.2.3}{Maszyny wektor\363w nosnych}{section.4.2}% 27
\BOOKMARK [1][-]{section.4.3}{Przetwarzanie danych}{chapter.4}% 28
\BOOKMARK [2][-]{subsection.4.3.1}{Brakujace dane}{section.4.3}% 29
\BOOKMARK [2][-]{subsection.4.3.2}{Cechy kategoryzujace}{section.4.3}% 30
\BOOKMARK [2][-]{subsection.4.3.3}{Kodowanie etykiet klas}{section.4.3}% 31
\BOOKMARK [2][-]{subsection.4.3.4}{Dane uczace i dane testowe}{section.4.3}% 32
\BOOKMARK [2][-]{subsection.4.3.5}{Skalowanie cech}{section.4.3}% 33
\BOOKMARK [2][-]{subsection.4.3.6}{Dob\363r cech}{section.4.3}% 34
\BOOKMARK [0][-]{chapter.5}{Implementacja aplikacji}{}% 35
\BOOKMARK [1][-]{section.5.1}{Srodowisko}{chapter.5}% 36
\BOOKMARK [1][-]{section.5.2}{Biblioteka music21}{chapter.5}% 37
\BOOKMARK [2][-]{subsection.5.2.1}{Parametryzacja plik\363w}{section.5.2}% 38
\BOOKMARK [2][-]{subsection.5.2.2}{Implementacja parametryzacji plik\363w}{section.5.2}% 39
\BOOKMARK [1][-]{section.5.3}{Tworzenie DataFrame oraz bazy CSV}{chapter.5}% 40
\BOOKMARK [1][-]{section.5.4}{Wybieranie parametr\363w}{chapter.5}% 41
\BOOKMARK [1][-]{section.5.5}{Trenowanie modelu}{chapter.5}% 42
\BOOKMARK [1][-]{section.5.6}{G\233\363wna funkcja aplikacji i wiersz polecen}{chapter.5}% 43
\BOOKMARK [0][-]{chapter.6}{Wyniki}{}% 44
\BOOKMARK [0][-]{chapter.7}{Podsumowanie}{}% 45
\BOOKMARK [1][-]{subsection.7.0.1}{Mozliwosci rozwoju}{chapter.7}% 46
